<?xml version="1.0" encoding="UTF-8"?>
<testng-results total="2" passed="2" failed="0" skipped="0">
  <reporter-output>
  </reporter-output>
  <suite started-at="2022-11-15T06:07:19Z" name="Default suite" finished-at="2022-11-15T06:07:24Z" duration-ms="4201">
    <groups>
    </groups>
    <test started-at="2022-11-15T06:07:19Z" name="Default test" finished-at="2022-11-15T06:07:24Z" duration-ms="4201">
      <class name="rESTassured.trello">
        <test-method signature="t1()[pri:0, instance:rESTassured.trello@5454d35e]" started-at="2022-11-15T11:37:19Z" name="t1" finished-at="2022-11-15T11:37:23Z" duration-ms="3211" status="PASS">
          <reporter-output>
          </reporter-output>
        </test-method> <!-- t1 -->
        <test-method signature="t2()[pri:0, instance:rESTassured.trello@5454d35e]" started-at="2022-11-15T11:37:23Z" name="t2" finished-at="2022-11-15T11:37:24Z" duration-ms="943" status="PASS">
          <reporter-output>
          </reporter-output>
        </test-method> <!-- t2 -->
      </class> <!-- rESTassured.trello -->
    </test> <!-- Default test -->
  </suite> <!-- Default suite -->
</testng-results>
